Using pre-set license
Built from '2020.3/staging' branch; Version is '2020.3.8f1 (507919d4fff5) revision 5273881'; Using compiler version '192528614'; Build Type 'Release'
OS: 'Windows 10 Pro; OS build 19042.985; Version 2009; 64bit' Language: 'tr' Physical Memory: 16024 MB
BatchMode: 1, IsHumanControllingUs: 0, StartBugReporterOnCrash: 0, Is64bit: 1, IsPro: 0

 COMMAND LINE ARGUMENTS:
D:\Unity Editors\2020.3.8f1\Editor\Unity.exe
-adb2
-batchMode
-noUpm
-name
AssetImportWorker0
-projectPath
D:/Unity Projeleri/Slime
-logFile
Logs/AssetImportWorker0.log
-srvPort
51213
Successfully changed project path to: D:/Unity Projeleri/Slime
D:/Unity Projeleri/Slime
Using Asset Import Pipeline V2.
Refreshing native plugins compatible for Editor in 47.74 ms, found 1 plugins.
Preloading 0 native plugins for Editor in 0.00 ms.
Initialize engine version: 2020.3.8f1 (507919d4fff5)
[Subsystems] Discovering subsystems at path D:/Unity Editors/2020.3.8f1/Editor/Data/Resources/UnitySubsystems
[Subsystems] Discovering subsystems at path D:/Unity Projeleri/Slime/Assets
GfxDevice: creating device client; threaded=0
Direct3D:
    Version:  Direct3D 11.0 [level 11.1]
    Renderer: NVIDIA GeForce GTX 1050 Ti (ID=0x1c8c)
    Vendor:   
    VRAM:     4018 MB
    Driver:   27.21.14.5771
Initialize mono
Mono path[0] = 'D:/Unity Editors/2020.3.8f1/Editor/Data/Managed'
Mono path[1] = 'D:/Unity Editors/2020.3.8f1/Editor/Data/MonoBleedingEdge/lib/mono/unityjit'
Mono config path = 'D:/Unity Editors/2020.3.8f1/Editor/Data/MonoBleedingEdge/etc'
Using monoOptions --debugger-agent=transport=dt_socket,embedding=1,server=y,suspend=n,address=127.0.0.1:56224
Begin MonoManager ReloadAssembly
Registering precompiled unity dll's ...
Register platform support module: D:/Unity Editors/2020.3.8f1/Editor/Data/PlaybackEngines/WindowsStandaloneSupport/UnityEditor.WindowsStandalone.Extensions.dll
Registered in 0.006752 seconds.
Native extension for WindowsStandalone target not found
Refreshing native plugins compatible for Editor in 48.94 ms, found 1 plugins.
Preloading 0 native plugins for Editor in 0.00 ms.
Mono: successfully reloaded assembly
- Completed reload, in  3.140 seconds
Platform modules already initialized, skipping
Registering precompiled user dll's ...
Registered in 0.007058 seconds.
Begin MonoManager ReloadAssembly
Native extension for WindowsStandalone target not found
Refreshing native plugins compatible for Editor in 43.26 ms, found 1 plugins.
Preloading 0 native plugins for Editor in 0.00 ms.
Mono: successfully reloaded assembly
- Completed reload, in  1.162 seconds
Platform modules already initialized, skipping
========================================================================
Worker process is ready to serve import requests
Launched and connected shader compiler UnityShaderCompiler.exe after 0.05 seconds
Refreshing native plugins compatible for Editor in 0.43 ms, found 1 plugins.
Preloading 0 native plugins for Editor in 0.00 ms.
Unloading 1863 Unused Serialized files (Serialized files now loaded: 0)
System memory in use before: 86.7 MB.
System memory in use after: 86.8 MB.

Unloading 25 unused Assets to reduce memory usage. Loaded Objects now: 2319.
Total: 2.303800 ms (FindLiveObjects: 0.189400 ms CreateObjectMapping: 0.065200 ms MarkObjects: 1.917700 ms  DeleteObjects: 0.130500 ms)

========================================================================
Received Import Request.
  path: ProjectSettings/TagManager.asset
  artifactKey: Guid(00000000000000003000000000000000) Importer(815301076,1909f56bfc062723c751e8b465ee728b)
Start importing ProjectSettings/TagManager.asset using Guid(00000000000000003000000000000000) Importer(815301076,1909f56bfc062723c751e8b465ee728b)  -> (artifact id: '74107aff53ac1c8c6eb33fdbd3b89e37') in 0.057707 seconds
  Import took 0.061192 seconds .

========================================================================
Received Import Request.
  Time since last request: 67.817162 seconds.
  path: Assets/Prefabs/sword.prefab
  artifactKey: Guid(83caef072dc1c514bb9afdc317ffbb34) Importer(815301076,1909f56bfc062723c751e8b465ee728b)
Start importing Assets/Prefabs/sword.prefab using Guid(83caef072dc1c514bb9afdc317ffbb34) Importer(815301076,1909f56bfc062723c751e8b465ee728b)  -> (artifact id: 'ebab60e12cce2305bf3aa4bd95ebcd4f') in 0.111268 seconds
  Import took 0.117467 seconds .

========================================================================
Received Import Request.
  Time since last request: 4.282621 seconds.
  path: Assets/Prefabs/Sword.prefab
  artifactKey: Guid(83caef072dc1c514bb9afdc317ffbb34) Importer(815301076,1909f56bfc062723c751e8b465ee728b)
Start importing Assets/Prefabs/Sword.prefab using Guid(83caef072dc1c514bb9afdc317ffbb34) Importer(815301076,1909f56bfc062723c751e8b465ee728b)  -> (artifact id: 'd85861f5d19d057d019f2a5a0d897bc3') in 0.027910 seconds
  Import took 0.033853 seconds .

========================================================================
Received Import Request.
  Time since last request: 17.920906 seconds.
  path: Assets/Scripts/Enemy.cs
  artifactKey: Guid(b33d115f29193ce4486d1ba2d0ee7ac9) Importer(815301076,1909f56bfc062723c751e8b465ee728b)
Start importing Assets/Scripts/Enemy.cs using Guid(b33d115f29193ce4486d1ba2d0ee7ac9) Importer(815301076,1909f56bfc062723c751e8b465ee728b)  -> (artifact id: '868f1a00f813219c15ea749f6b8fa8ee') in 0.033975 seconds
  Import took 0.037995 seconds .

========================================================================
Received Import Request.
  Time since last request: 0.006919 seconds.
  path: Assets/Scripts/Enemy.cs
  artifactKey: Guid(b33d115f29193ce4486d1ba2d0ee7ac9) Importer(815301076,1909f56bfc062723c751e8b465ee728b)
Start importing Assets/Scripts/Enemy.cs using Guid(b33d115f29193ce4486d1ba2d0ee7ac9) Importer(815301076,1909f56bfc062723c751e8b465ee728b)  -> (artifact id: '868f1a00f813219c15ea749f6b8fa8ee') in 0.003395 seconds
  Import took 0.007580 seconds .

========================================================================
Received Import Request.
  Time since last request: 115.768912 seconds.
  path: Assets/Scripts/Enemy.cs
  artifactKey: Guid(b33d115f29193ce4486d1ba2d0ee7ac9) Importer(815301076,1909f56bfc062723c751e8b465ee728b)
Start importing Assets/Scripts/Enemy.cs using Guid(b33d115f29193ce4486d1ba2d0ee7ac9) Importer(815301076,1909f56bfc062723c751e8b465ee728b)  -> (artifact id: '4d0989203f03187e9b96b4693f104fff') in 0.010082 seconds
  Import took 0.015765 seconds .

========================================================================
Received Import Request.
  Time since last request: 0.005019 seconds.
  path: Assets/Scripts/Enemy.cs
  artifactKey: Guid(b33d115f29193ce4486d1ba2d0ee7ac9) Importer(815301076,1909f56bfc062723c751e8b465ee728b)
Start importing Assets/Scripts/Enemy.cs using Guid(b33d115f29193ce4486d1ba2d0ee7ac9) Importer(815301076,1909f56bfc062723c751e8b465ee728b)  -> (artifact id: '4d0989203f03187e9b96b4693f104fff') in 0.004905 seconds
  Import took 0.011509 seconds .

========================================================================
Received Import Request.
  Time since last request: 35.800010 seconds.
  path: Assets/Scripts/Enemy.cs
  artifactKey: Guid(b33d115f29193ce4486d1ba2d0ee7ac9) Importer(815301076,1909f56bfc062723c751e8b465ee728b)
Start importing Assets/Scripts/Enemy.cs using Guid(b33d115f29193ce4486d1ba2d0ee7ac9) Importer(815301076,1909f56bfc062723c751e8b465ee728b)  -> (artifact id: 'ea2531a2996bce25bd2daffcb29b3bfd') in 0.005341 seconds
  Import took 0.009475 seconds .

========================================================================
Received Import Request.
  Time since last request: 58.367764 seconds.
  path: Assets/Scripts/Enemy.cs
  artifactKey: Guid(b33d115f29193ce4486d1ba2d0ee7ac9) Importer(815301076,1909f56bfc062723c751e8b465ee728b)
Start importing Assets/Scripts/Enemy.cs using Guid(b33d115f29193ce4486d1ba2d0ee7ac9) Importer(815301076,1909f56bfc062723c751e8b465ee728b)  -> (artifact id: '1758b933f10dda6a2022c473d7b70d6a') in 0.003625 seconds
  Import took 0.008325 seconds .

========================================================================
Received Import Request.
  Time since last request: 42.152480 seconds.
  path: Assets/Scripts/Enemy.cs
  artifactKey: Guid(b33d115f29193ce4486d1ba2d0ee7ac9) Importer(815301076,1909f56bfc062723c751e8b465ee728b)
Start importing Assets/Scripts/Enemy.cs using Guid(b33d115f29193ce4486d1ba2d0ee7ac9) Importer(815301076,1909f56bfc062723c751e8b465ee728b)  -> (artifact id: 'efa0ebc6d1010ba04c4d51995d5225fd') in 0.004931 seconds
  Import took 0.009300 seconds .

========================================================================
Received Import Request.
  Time since last request: 24.260487 seconds.
  path: Assets/Scripts/Enemy.cs
  artifactKey: Guid(b33d115f29193ce4486d1ba2d0ee7ac9) Importer(815301076,1909f56bfc062723c751e8b465ee728b)
Start importing Assets/Scripts/Enemy.cs using Guid(b33d115f29193ce4486d1ba2d0ee7ac9) Importer(815301076,1909f56bfc062723c751e8b465ee728b)  -> (artifact id: 'c9627e588c93570d5c97810c13064cbe') in 0.009548 seconds
  Import took 0.014122 seconds .

========================================================================
Received Import Request.
  Time since last request: 57.679671 seconds.
  path: Assets/Scripts/Enemy.cs
  artifactKey: Guid(b33d115f29193ce4486d1ba2d0ee7ac9) Importer(815301076,1909f56bfc062723c751e8b465ee728b)
Start importing Assets/Scripts/Enemy.cs using Guid(b33d115f29193ce4486d1ba2d0ee7ac9) Importer(815301076,1909f56bfc062723c751e8b465ee728b)  -> (artifact id: '4dfd5ba7d5514ccfba0e6908750a1892') in 0.006003 seconds
  Import took 0.013664 seconds .

========================================================================
Received Import Request.
  Time since last request: 31.824697 seconds.
  path: Assets/Scripts/Enemy.cs
  artifactKey: Guid(b33d115f29193ce4486d1ba2d0ee7ac9) Importer(815301076,1909f56bfc062723c751e8b465ee728b)
Start importing Assets/Scripts/Enemy.cs using Guid(b33d115f29193ce4486d1ba2d0ee7ac9) Importer(815301076,1909f56bfc062723c751e8b465ee728b)  -> (artifact id: '37b97ba9afd613609e055985730a4af8') in 0.004074 seconds
  Import took 0.008459 seconds .

========================================================================
Received Import Request.
  Time since last request: 12.914830 seconds.
  path: Assets/Scripts/Enemy.cs
  artifactKey: Guid(b33d115f29193ce4486d1ba2d0ee7ac9) Importer(815301076,1909f56bfc062723c751e8b465ee728b)
Start importing Assets/Scripts/Enemy.cs using Guid(b33d115f29193ce4486d1ba2d0ee7ac9) Importer(815301076,1909f56bfc062723c751e8b465ee728b)  -> (artifact id: '938f3ae478e9e53134c476f80cfddc62') in 0.004160 seconds
  Import took 0.008090 seconds .

========================================================================
Received Prepare
Registering precompiled user dll's ...
Registered in 0.011360 seconds.
Begin MonoManager ReloadAssembly
Native extension for WindowsStandalone target not found
Refreshing native plugins compatible for Editor in 0.57 ms, found 1 plugins.
Preloading 0 native plugins for Editor in 0.00 ms.
Mono: successfully reloaded assembly
- Completed reload, in  1.237 seconds
Platform modules already initialized, skipping
Refreshing native plugins compatible for Editor in 0.51 ms, found 1 plugins.
Preloading 0 native plugins for Editor in 0.00 ms.
Unloading 1853 Unused Serialized files (Serialized files now loaded: 0)
System memory in use before: 89.2 MB.
System memory in use after: 89.3 MB.

Unloading 14 unused Assets to reduce memory usage. Loaded Objects now: 2330.
Total: 2.895500 ms (FindLiveObjects: 0.203900 ms CreateObjectMapping: 0.060900 ms MarkObjects: 2.575100 ms  DeleteObjects: 0.054100 ms)

========================================================================
Received Import Request.
  Time since last request: 12.260692 seconds.
  path: Assets/Prefabs/SkeletonWithSword.prefab
  artifactKey: Guid(b8c1c4896f14e554c8c9b7d225727ee6) Importer(815301076,1909f56bfc062723c751e8b465ee728b)
Start importing Assets/Prefabs/SkeletonWithSword.prefab using Guid(b8c1c4896f14e554c8c9b7d225727ee6) Importer(815301076,1909f56bfc062723c751e8b465ee728b)  -> (artifact id: 'd3c4856afb2c6dda0dcb5535430776f4') in 0.095096 seconds
  Import took 0.100031 seconds .

========================================================================
Received Import Request.
  Time since last request: 3.620445 seconds.
  path: Assets/Prefabs/SkeletonWithSword.prefab
  artifactKey: Guid(b8c1c4896f14e554c8c9b7d225727ee6) Importer(815301076,1909f56bfc062723c751e8b465ee728b)
Start importing Assets/Prefabs/SkeletonWithSword.prefab using Guid(b8c1c4896f14e554c8c9b7d225727ee6) Importer(815301076,1909f56bfc062723c751e8b465ee728b)  -> (artifact id: 'f4ae4d8bef1f31f2dabed618bf6f9bb0') in 0.033439 seconds
  Import took 0.041175 seconds .

========================================================================
Received Import Request.
  Time since last request: 0.004914 seconds.
  path: Assets/Prefabs/SkeletonWithSword.prefab
  artifactKey: Guid(b8c1c4896f14e554c8c9b7d225727ee6) Importer(815301076,1909f56bfc062723c751e8b465ee728b)
Start importing Assets/Prefabs/SkeletonWithSword.prefab using Guid(b8c1c4896f14e554c8c9b7d225727ee6) Importer(815301076,1909f56bfc062723c751e8b465ee728b)  -> (artifact id: 'f4ae4d8bef1f31f2dabed618bf6f9bb0') in 0.035498 seconds
  Import took 0.044851 seconds .

========================================================================
Received Prepare
Registering precompiled user dll's ...
Registered in 0.008643 seconds.
Begin MonoManager ReloadAssembly
Native extension for WindowsStandalone target not found
Refreshing native plugins compatible for Editor in 0.57 ms, found 1 plugins.
Preloading 0 native plugins for Editor in 0.00 ms.
Mono: successfully reloaded assembly
- Completed reload, in  1.421 seconds
Platform modules already initialized, skipping
Refreshing native plugins compatible for Editor in 0.44 ms, found 1 plugins.
Preloading 0 native plugins for Editor in 0.00 ms.
Unloading 1853 Unused Serialized files (Serialized files now loaded: 0)
System memory in use before: 89.3 MB.
System memory in use after: 89.4 MB.

Unloading 13 unused Assets to reduce memory usage. Loaded Objects now: 2335.
Total: 2.807900 ms (FindLiveObjects: 0.235500 ms CreateObjectMapping: 0.075800 ms MarkObjects: 2.448900 ms  DeleteObjects: 0.046300 ms)

========================================================================
Received Import Request.
  Time since last request: 200.972988 seconds.
  path: Assets/SpriteSheets/Slime sword sheet.png
  artifactKey: Guid(caa386c5d3cc7e24983cf9801a59fac4) Importer(815301076,1909f56bfc062723c751e8b465ee728b)
Start importing Assets/SpriteSheets/Slime sword sheet.png using Guid(caa386c5d3cc7e24983cf9801a59fac4) Importer(815301076,1909f56bfc062723c751e8b465ee728b)  -> (artifact id: '858fa8aa633fea0107af56a3ac64a539') in 0.078970 seconds
  Import took 0.082998 seconds .

========================================================================
Received Import Request.
  Time since last request: 16.243995 seconds.
  path: Assets/SpriteSheets/Slime sword sheet.png
  artifactKey: Guid(caa386c5d3cc7e24983cf9801a59fac4) Importer(815301076,1909f56bfc062723c751e8b465ee728b)
Start importing Assets/SpriteSheets/Slime sword sheet.png using Guid(caa386c5d3cc7e24983cf9801a59fac4) Importer(815301076,1909f56bfc062723c751e8b465ee728b)  -> (artifact id: 'b53ce21d207060daf04aece74a143098') in 0.073827 seconds
  Import took 0.078717 seconds .

========================================================================
Received Import Request.
  Time since last request: 10.104434 seconds.
  path: Assets/SpriteSheets/Slime sword atk sheet.png
  artifactKey: Guid(ad6ac8a318098644db0f570c44993eb0) Importer(815301076,1909f56bfc062723c751e8b465ee728b)
Start importing Assets/SpriteSheets/Slime sword atk sheet.png using Guid(ad6ac8a318098644db0f570c44993eb0) Importer(815301076,1909f56bfc062723c751e8b465ee728b)  -> (artifact id: 'be35b7a0b416c910bb0250e9332abe1d') in 0.025398 seconds
  Import took 0.030120 seconds .

========================================================================
Received Import Request.
  Time since last request: 0.003559 seconds.
  path: Assets/SpriteSheets/Slime sword atk sheet.png
  artifactKey: Guid(ad6ac8a318098644db0f570c44993eb0) Importer(815301076,1909f56bfc062723c751e8b465ee728b)
Start importing Assets/SpriteSheets/Slime sword atk sheet.png using Guid(ad6ac8a318098644db0f570c44993eb0) Importer(815301076,1909f56bfc062723c751e8b465ee728b)  -> (artifact id: 'be35b7a0b416c910bb0250e9332abe1d') in 0.013961 seconds
  Import took 0.020211 seconds .

========================================================================
Received Import Request.
  Time since last request: 53.456896 seconds.
  path: Assets/SpriteSheets/Slime sword atk sheet.png
  artifactKey: Guid(ad6ac8a318098644db0f570c44993eb0) Importer(815301076,1909f56bfc062723c751e8b465ee728b)
Start importing Assets/SpriteSheets/Slime sword atk sheet.png using Guid(ad6ac8a318098644db0f570c44993eb0) Importer(815301076,1909f56bfc062723c751e8b465ee728b)  -> (artifact id: '50beb2237531ab9dd4e74e7b9d74600b') in 0.037313 seconds
  Import took 0.044065 seconds .

========================================================================
Received Import Request.
  Time since last request: 0.128867 seconds.
  path: Assets/SpriteSheets/Slime sword atk sheet.png
  artifactKey: Guid(ad6ac8a318098644db0f570c44993eb0) Importer(815301076,1909f56bfc062723c751e8b465ee728b)
Start importing Assets/SpriteSheets/Slime sword atk sheet.png using Guid(ad6ac8a318098644db0f570c44993eb0) Importer(815301076,1909f56bfc062723c751e8b465ee728b)  -> (artifact id: '50beb2237531ab9dd4e74e7b9d74600b') in 0.041122 seconds
  Import took 0.048146 seconds .

========================================================================
Received Import Request.
  Time since last request: 7.913884 seconds.
  path: Assets/SpriteSheets/Slime sword atk sheet.png
  artifactKey: Guid(ad6ac8a318098644db0f570c44993eb0) Importer(815301076,1909f56bfc062723c751e8b465ee728b)
Start importing Assets/SpriteSheets/Slime sword atk sheet.png using Guid(ad6ac8a318098644db0f570c44993eb0) Importer(815301076,1909f56bfc062723c751e8b465ee728b)  -> (artifact id: 'c3f8fbdd25281563a7615aa6fecb7191') in 0.040398 seconds
  Import took 0.045257 seconds .

========================================================================
Received Import Request.
  Time since last request: 50.749114 seconds.
  path: Assets/Animations/SlimeAnims
  artifactKey: Guid(a25ddc60b95831146ae40671012f02f9) Importer(815301076,1909f56bfc062723c751e8b465ee728b)
Start importing Assets/Animations/SlimeAnims using Guid(a25ddc60b95831146ae40671012f02f9) Importer(815301076,1909f56bfc062723c751e8b465ee728b)  -> (artifact id: '020454a8be2bd4c82b9e18a8465a01ab') in 0.010795 seconds
  Import took 0.015441 seconds .

========================================================================
Received Import Request.
  Time since last request: 0.000663 seconds.
  path: Assets/Animations/SlimeAnims
  artifactKey: Guid(a25ddc60b95831146ae40671012f02f9) Importer(815301076,1909f56bfc062723c751e8b465ee728b)
Start importing Assets/Animations/SlimeAnims using Guid(a25ddc60b95831146ae40671012f02f9) Importer(815301076,1909f56bfc062723c751e8b465ee728b)  -> (artifact id: '020454a8be2bd4c82b9e18a8465a01ab') in 0.006814 seconds
  Import took 0.013424 seconds .

========================================================================
Received Import Request.
  Time since last request: 26.836854 seconds.
  path: Assets/Animations/SlimeAnims/SwordAnimaator.controller
  artifactKey: Guid(dabc644f99902ab468d877cf32c1a910) Importer(815301076,1909f56bfc062723c751e8b465ee728b)
Start importing Assets/Animations/SlimeAnims/SwordAnimaator.controller using Guid(dabc644f99902ab468d877cf32c1a910) Importer(815301076,1909f56bfc062723c751e8b465ee728b)  -> (artifact id: 'a2572ac9428a297bfa6fad59e73ee2af') in 0.014706 seconds
  Import took 0.020371 seconds .

========================================================================
Received Import Request.
  Time since last request: 4.283946 seconds.
  path: Assets/Animations/SlimeAnims/SwordAnimator.controller
  artifactKey: Guid(dabc644f99902ab468d877cf32c1a910) Importer(815301076,1909f56bfc062723c751e8b465ee728b)
Start importing Assets/Animations/SlimeAnims/SwordAnimator.controller using Guid(dabc644f99902ab468d877cf32c1a910) Importer(815301076,1909f56bfc062723c751e8b465ee728b)  -> (artifact id: '7d9a58625785b3ef58154b71e2307179') in 0.012526 seconds
  Import took 0.017226 seconds .

========================================================================
Received Prepare
Registering precompiled user dll's ...
Registered in 0.006867 seconds.
Begin MonoManager ReloadAssembly
Native extension for WindowsStandalone target not found
Refreshing native plugins compatible for Editor in 0.40 ms, found 1 plugins.
Preloading 0 native plugins for Editor in 0.00 ms.
Mono: successfully reloaded assembly
- Completed reload, in  1.192 seconds
Platform modules already initialized, skipping
Refreshing native plugins compatible for Editor in 0.85 ms, found 1 plugins.
Preloading 0 native plugins for Editor in 0.00 ms.
Unloading 1853 Unused Serialized files (Serialized files now loaded: 0)
System memory in use before: 89.4 MB.
System memory in use after: 89.5 MB.

Unloading 13 unused Assets to reduce memory usage. Loaded Objects now: 2347.
Total: 2.186800 ms (FindLiveObjects: 0.205300 ms CreateObjectMapping: 0.078800 ms MarkObjects: 1.848100 ms  DeleteObjects: 0.053000 ms)

========================================================================
Received Import Request.
  Time since last request: 345.625437 seconds.
  path: Assets/Animations/SlimeAnims/SwordWalk.anim
  artifactKey: Guid(baf8531d6b133b1428853871b63f15c7) Importer(815301076,1909f56bfc062723c751e8b465ee728b)
Start importing Assets/Animations/SlimeAnims/SwordWalk.anim using Guid(baf8531d6b133b1428853871b63f15c7) Importer(815301076,1909f56bfc062723c751e8b465ee728b)  -> (artifact id: '880c15f16039b3f89e99431e4d38d7c7') in 0.022338 seconds
  Import took 0.026489 seconds .

========================================================================
Received Import Request.
  Time since last request: 0.055268 seconds.
  path: Assets/Animations/SlimeAnims/SwordWalk.anim
  artifactKey: Guid(baf8531d6b133b1428853871b63f15c7) Importer(815301076,1909f56bfc062723c751e8b465ee728b)
Start importing Assets/Animations/SlimeAnims/SwordWalk.anim using Guid(baf8531d6b133b1428853871b63f15c7) Importer(815301076,1909f56bfc062723c751e8b465ee728b)  -> (artifact id: '880c15f16039b3f89e99431e4d38d7c7') in 0.004715 seconds
  Import took 0.009430 seconds .

========================================================================
Received Import Request.
  Time since last request: 8.455071 seconds.
  path: Assets/Animations/SlimeAnims/SwordWalk 1.anim
  artifactKey: Guid(c4d2f45c3b7d9154cbf68ed3a3185229) Importer(815301076,1909f56bfc062723c751e8b465ee728b)
Start importing Assets/Animations/SlimeAnims/SwordWalk 1.anim using Guid(c4d2f45c3b7d9154cbf68ed3a3185229) Importer(815301076,1909f56bfc062723c751e8b465ee728b)  -> (artifact id: 'fb6c2f93fac6ccc4bab2463ff620fa53') in 0.011222 seconds
  Import took 0.016970 seconds .

========================================================================
Received Import Request.
  Time since last request: 7.536637 seconds.
  path: Assets/Animations/SlimeAnims/SwordIdle.anim
  artifactKey: Guid(c4d2f45c3b7d9154cbf68ed3a3185229) Importer(815301076,1909f56bfc062723c751e8b465ee728b)
Start importing Assets/Animations/SlimeAnims/SwordIdle.anim using Guid(c4d2f45c3b7d9154cbf68ed3a3185229) Importer(815301076,1909f56bfc062723c751e8b465ee728b)  -> (artifact id: '0b543e4b352aa90fce1c0b5e6b9db68a') in 0.011335 seconds
  Import took 0.017436 seconds .

========================================================================
Received Import Request.
  Time since last request: 25.814016 seconds.
  path: Assets/Animations/SlimeAnims/SlimeAnimator.controller
  artifactKey: Guid(905b2d915bdbc314c80adac5dbe216b5) Importer(815301076,1909f56bfc062723c751e8b465ee728b)
Start importing Assets/Animations/SlimeAnims/SlimeAnimator.controller using Guid(905b2d915bdbc314c80adac5dbe216b5) Importer(815301076,1909f56bfc062723c751e8b465ee728b)  -> (artifact id: '34b50ace3ea3b9e70a4bda77ba314878') in 0.015367 seconds
  Import took 0.020876 seconds .

========================================================================
Received Prepare
Registering precompiled user dll's ...
Registered in 0.007429 seconds.
Begin MonoManager ReloadAssembly
Native extension for WindowsStandalone target not found
Refreshing native plugins compatible for Editor in 0.52 ms, found 1 plugins.
Preloading 0 native plugins for Editor in 0.00 ms.
Mono: successfully reloaded assembly
- Completed reload, in  1.354 seconds
Platform modules already initialized, skipping
Refreshing native plugins compatible for Editor in 0.44 ms, found 1 plugins.
Preloading 0 native plugins for Editor in 0.00 ms.
Unloading 1853 Unused Serialized files (Serialized files now loaded: 0)
System memory in use before: 89.4 MB.
System memory in use after: 89.5 MB.

Unloading 13 unused Assets to reduce memory usage. Loaded Objects now: 2351.
Total: 2.004300 ms (FindLiveObjects: 0.230000 ms CreateObjectMapping: 0.091000 ms MarkObjects: 1.665600 ms  DeleteObjects: 0.016900 ms)

========================================================================
Received Prepare
Registering precompiled user dll's ...
Registered in 0.007189 seconds.
Begin MonoManager ReloadAssembly
Native extension for WindowsStandalone target not found
Refreshing native plugins compatible for Editor in 0.70 ms, found 1 plugins.
Preloading 0 native plugins for Editor in 0.00 ms.
Mono: successfully reloaded assembly
- Completed reload, in  1.195 seconds
Platform modules already initialized, skipping
Refreshing native plugins compatible for Editor in 1.10 ms, found 1 plugins.
Preloading 0 native plugins for Editor in 0.00 ms.
Unloading 1853 Unused Serialized files (Serialized files now loaded: 0)
System memory in use before: 89.4 MB.
System memory in use after: 89.5 MB.

Unloading 13 unused Assets to reduce memory usage. Loaded Objects now: 2355.
Total: 3.722600 ms (FindLiveObjects: 0.347800 ms CreateObjectMapping: 0.256500 ms MarkObjects: 3.089200 ms  DeleteObjects: 0.027200 ms)

========================================================================
Received Prepare
Registering precompiled user dll's ...
Registered in 0.009648 seconds.
Begin MonoManager ReloadAssembly
Native extension for WindowsStandalone target not found
Refreshing native plugins compatible for Editor in 0.79 ms, found 1 plugins.
Preloading 0 native plugins for Editor in 0.00 ms.
Mono: successfully reloaded assembly
- Completed reload, in  1.230 seconds
Platform modules already initialized, skipping
Refreshing native plugins compatible for Editor in 0.50 ms, found 1 plugins.
Preloading 0 native plugins for Editor in 0.00 ms.
Unloading 1853 Unused Serialized files (Serialized files now loaded: 0)
System memory in use before: 89.4 MB.
System memory in use after: 89.5 MB.

Unloading 13 unused Assets to reduce memory usage. Loaded Objects now: 2359.
Total: 7.819700 ms (FindLiveObjects: 0.779700 ms CreateObjectMapping: 0.339200 ms MarkObjects: 6.670600 ms  DeleteObjects: 0.028200 ms)

========================================================================
Received Import Request.
  Time since last request: 1142.823967 seconds.
  path: Assets/Prefabs/Sword.prefab
  artifactKey: Guid(83caef072dc1c514bb9afdc317ffbb34) Importer(815301076,1909f56bfc062723c751e8b465ee728b)
Start importing Assets/Prefabs/Sword.prefab using Guid(83caef072dc1c514bb9afdc317ffbb34) Importer(815301076,1909f56bfc062723c751e8b465ee728b)  -> (artifact id: 'e4d7de1a415087e62b0261250d2997cb') in 0.133518 seconds
  Import took 0.141615 seconds .

========================================================================
Received Prepare
Registering precompiled user dll's ...
Registered in 0.010580 seconds.
Begin MonoManager ReloadAssembly
Native extension for WindowsStandalone target not found
Refreshing native plugins compatible for Editor in 0.41 ms, found 1 plugins.
Preloading 0 native plugins for Editor in 0.00 ms.
Mono: successfully reloaded assembly
- Completed reload, in  1.231 seconds
Platform modules already initialized, skipping
Refreshing native plugins compatible for Editor in 0.82 ms, found 1 plugins.
Preloading 0 native plugins for Editor in 0.00 ms.
Unloading 1853 Unused Serialized files (Serialized files now loaded: 0)
System memory in use before: 89.4 MB.
System memory in use after: 89.6 MB.

Unloading 13 unused Assets to reduce memory usage. Loaded Objects now: 2364.
Total: 6.902300 ms (FindLiveObjects: 0.551100 ms CreateObjectMapping: 0.281600 ms MarkObjects: 5.964400 ms  DeleteObjects: 0.103500 ms)

========================================================================
Received Import Request.
  Time since last request: 20.614163 seconds.
  path: Assets/Prefabs/Sword.prefab
  artifactKey: Guid(83caef072dc1c514bb9afdc317ffbb34) Importer(815301076,1909f56bfc062723c751e8b465ee728b)
Start importing Assets/Prefabs/Sword.prefab using Guid(83caef072dc1c514bb9afdc317ffbb34) Importer(815301076,1909f56bfc062723c751e8b465ee728b)  -> (artifact id: '97c4c47d435d3063032c68934989b8d4') in 0.103036 seconds
  Import took 0.107861 seconds .

========================================================================
Received Import Request.
  Time since last request: 8.006696 seconds.
  path: Assets/Prefabs/Sword.prefab
  artifactKey: Guid(83caef072dc1c514bb9afdc317ffbb34) Importer(815301076,1909f56bfc062723c751e8b465ee728b)
Start importing Assets/Prefabs/Sword.prefab using Guid(83caef072dc1c514bb9afdc317ffbb34) Importer(815301076,1909f56bfc062723c751e8b465ee728b)  -> (artifact id: 'df02e34804ea5ae4d3f68dd14eda9dc4') in 0.018273 seconds
  Import took 0.023548 seconds .

========================================================================
Received Import Request.
  Time since last request: 2.965072 seconds.
  path: Assets/Prefabs/Sword.prefab
  artifactKey: Guid(83caef072dc1c514bb9afdc317ffbb34) Importer(815301076,1909f56bfc062723c751e8b465ee728b)
Start importing Assets/Prefabs/Sword.prefab using Guid(83caef072dc1c514bb9afdc317ffbb34) Importer(815301076,1909f56bfc062723c751e8b465ee728b)  -> (artifact id: '877b3c9ea1cb3f09dd5a94f72fac4abf') in 0.017497 seconds
  Import took 0.023942 seconds .

========================================================================
Received Import Request.
  Time since last request: 2.631605 seconds.
  path: Assets/Prefabs/Sword.prefab
  artifactKey: Guid(83caef072dc1c514bb9afdc317ffbb34) Importer(815301076,1909f56bfc062723c751e8b465ee728b)
Start importing Assets/Prefabs/Sword.prefab using Guid(83caef072dc1c514bb9afdc317ffbb34) Importer(815301076,1909f56bfc062723c751e8b465ee728b)  -> (artifact id: 'b1e4ca16d74560a5d06fddbb95756205') in 0.012767 seconds
  Import took 0.021030 seconds .

========================================================================
Received Import Request.
  Time since last request: 2.244265 seconds.
  path: Assets/Prefabs/Sword.prefab
  artifactKey: Guid(83caef072dc1c514bb9afdc317ffbb34) Importer(815301076,1909f56bfc062723c751e8b465ee728b)
Start importing Assets/Prefabs/Sword.prefab using Guid(83caef072dc1c514bb9afdc317ffbb34) Importer(815301076,1909f56bfc062723c751e8b465ee728b)  -> (artifact id: 'e2eaaecbe25a38e1b246d8b44da20d3f') in 0.014666 seconds
  Import took 0.018900 seconds .

========================================================================
Received Import Request.
  Time since last request: 4.250496 seconds.
  path: Assets/Prefabs/Sword.prefab
  artifactKey: Guid(83caef072dc1c514bb9afdc317ffbb34) Importer(815301076,1909f56bfc062723c751e8b465ee728b)
Start importing Assets/Prefabs/Sword.prefab using Guid(83caef072dc1c514bb9afdc317ffbb34) Importer(815301076,1909f56bfc062723c751e8b465ee728b)  -> (artifact id: '04081b8170cca6a32504948d65266029') in 0.071273 seconds
  Import took 0.075924 seconds .

========================================================================
Received Import Request.
  Time since last request: 2.186859 seconds.
  path: Assets/Prefabs/Sword.prefab
  artifactKey: Guid(83caef072dc1c514bb9afdc317ffbb34) Importer(815301076,1909f56bfc062723c751e8b465ee728b)
Start importing Assets/Prefabs/Sword.prefab using Guid(83caef072dc1c514bb9afdc317ffbb34) Importer(815301076,1909f56bfc062723c751e8b465ee728b)  -> (artifact id: 'cf80b2ebcddaf2575eeeb632f4374347') in 0.015017 seconds
  Import took 0.022073 seconds .

========================================================================
Received Import Request.
  Time since last request: 1.962269 seconds.
  path: Assets/Prefabs/Sword.prefab
  artifactKey: Guid(83caef072dc1c514bb9afdc317ffbb34) Importer(815301076,1909f56bfc062723c751e8b465ee728b)
Start importing Assets/Prefabs/Sword.prefab using Guid(83caef072dc1c514bb9afdc317ffbb34) Importer(815301076,1909f56bfc062723c751e8b465ee728b)  -> (artifact id: '0f999e5d9b02a77a5bf0855b1f130044') in 0.019851 seconds
  Import took 0.027243 seconds .

========================================================================
Received Import Request.
  Time since last request: 25.921868 seconds.
  path: Assets/Animations/SlimeAnims/Slime sword sheet_0.controller
  artifactKey: Guid(28b0ca5c6896c044294806849e2f502d) Importer(815301076,1909f56bfc062723c751e8b465ee728b)
Start importing Assets/Animations/SlimeAnims/Slime sword sheet_0.controller using Guid(28b0ca5c6896c044294806849e2f502d) Importer(815301076,1909f56bfc062723c751e8b465ee728b)  -> (artifact id: 'dcc43ce19d99e83ec968a5b1fbf3af2b') in 0.017256 seconds
  Import took 0.021853 seconds .

========================================================================
Received Prepare
Registering precompiled user dll's ...
Registered in 0.007932 seconds.
Begin MonoManager ReloadAssembly
Native extension for WindowsStandalone target not found
Refreshing native plugins compatible for Editor in 0.40 ms, found 1 plugins.
Preloading 0 native plugins for Editor in 0.00 ms.
Mono: successfully reloaded assembly
- Completed reload, in  1.271 seconds
Platform modules already initialized, skipping
Refreshing native plugins compatible for Editor in 0.86 ms, found 1 plugins.
Preloading 0 native plugins for Editor in 0.00 ms.
Unloading 1853 Unused Serialized files (Serialized files now loaded: 0)
System memory in use before: 89.7 MB.
System memory in use after: 89.8 MB.

Unloading 13 unused Assets to reduce memory usage. Loaded Objects now: 2369.
Total: 3.030900 ms (FindLiveObjects: 0.265700 ms CreateObjectMapping: 0.075500 ms MarkObjects: 2.648300 ms  DeleteObjects: 0.039300 ms)

========================================================================
Received Prepare
Registering precompiled user dll's ...
Registered in 0.007132 seconds.
Begin MonoManager ReloadAssembly
Native extension for WindowsStandalone target not found
Refreshing native plugins compatible for Editor in 0.91 ms, found 1 plugins.
Preloading 0 native plugins for Editor in 0.00 ms.
Mono: successfully reloaded assembly
- Completed reload, in  1.280 seconds
Platform modules already initialized, skipping
Refreshing native plugins compatible for Editor in 0.71 ms, found 1 plugins.
Preloading 0 native plugins for Editor in 0.00 ms.
Unloading 1853 Unused Serialized files (Serialized files now loaded: 0)
System memory in use before: 89.7 MB.
System memory in use after: 89.8 MB.

Unloading 13 unused Assets to reduce memory usage. Loaded Objects now: 2373.
Total: 3.466400 ms (FindLiveObjects: 0.229800 ms CreateObjectMapping: 0.072800 ms MarkObjects: 3.125800 ms  DeleteObjects: 0.036300 ms)

========================================================================
Received Prepare
Registering precompiled user dll's ...
Registered in 0.012670 seconds.
Begin MonoManager ReloadAssembly
Native extension for WindowsStandalone target not found
Refreshing native plugins compatible for Editor in 0.79 ms, found 1 plugins.
Preloading 0 native plugins for Editor in 0.00 ms.
Mono: successfully reloaded assembly
- Completed reload, in  1.316 seconds
Platform modules already initialized, skipping
Refreshing native plugins compatible for Editor in 0.42 ms, found 1 plugins.
Preloading 0 native plugins for Editor in 0.00 ms.
Unloading 1853 Unused Serialized files (Serialized files now loaded: 0)
System memory in use before: 89.7 MB.
System memory in use after: 89.8 MB.

Unloading 13 unused Assets to reduce memory usage. Loaded Objects now: 2377.
Total: 2.171600 ms (FindLiveObjects: 0.186500 ms CreateObjectMapping: 0.062900 ms MarkObjects: 1.901300 ms  DeleteObjects: 0.020000 ms)

========================================================================
Received Prepare
Registering precompiled user dll's ...
Registered in 0.011118 seconds.
Begin MonoManager ReloadAssembly
Native extension for WindowsStandalone target not found
Refreshing native plugins compatible for Editor in 0.54 ms, found 1 plugins.
Preloading 0 native plugins for Editor in 0.00 ms.
Mono: successfully reloaded assembly
- Completed reload, in  1.249 seconds
Platform modules already initialized, skipping
Refreshing native plugins compatible for Editor in 0.94 ms, found 1 plugins.
Preloading 0 native plugins for Editor in 0.00 ms.
Unloading 1853 Unused Serialized files (Serialized files now loaded: 0)
System memory in use before: 89.7 MB.
System memory in use after: 89.8 MB.

Unloading 13 unused Assets to reduce memory usage. Loaded Objects now: 2381.
Total: 3.863100 ms (FindLiveObjects: 0.246300 ms CreateObjectMapping: 0.095900 ms MarkObjects: 3.478600 ms  DeleteObjects: 0.040100 ms)

========================================================================
Received Import Request.
  Time since last request: 279.682017 seconds.
  path: Assets/Prefabs/Slime.prefab
  artifactKey: Guid(89d0dd59ca1eb7d44972b6b01877b11d) Importer(815301076,1909f56bfc062723c751e8b465ee728b)
Start importing Assets/Prefabs/Slime.prefab using Guid(89d0dd59ca1eb7d44972b6b01877b11d) Importer(815301076,1909f56bfc062723c751e8b465ee728b) Asset 'SlimeAnimator': Transition 'SlimeDash -> SlimeWalkAnim' in state 'SlimeDash' doesn't have an Exit Time or any condition, transition will be ignored
UnityEngine.StackTraceUtility:ExtractStackTrace ()
UnityEditor.EditorUtility:Internal_InstantiateRemoveAllNonAnimationComponentsSingle (UnityEngine.Object,UnityEngine.Vector3,UnityEngine.Quaternion)
UnityEditor.EditorUtility:InstantiateRemoveAllNonAnimationComponents (UnityEngine.Object,UnityEngine.Vector3,UnityEngine.Quaternion)
UnityEditor.EditorUtility:InstantiateForAnimatorPreview (UnityEngine.Object)
UnityEditor.GameObjectInspector/PreviewData:UpdateGameObject (UnityEngine.Object)
UnityEditor.GameObjectInspector/PreviewData:.ctor (UnityEngine.Object)
UnityEditor.GameObjectInspector:GetPreviewData ()
UnityEditor.GameObjectInspector:RenderStaticPreview (string,UnityEngine.Object[],int,int)
UnityEditor.AssetPreviewUpdater:CreatePreviewForAsset (UnityEngine.Object,UnityEngine.Object[],string)

[C:\buildslave\unity\build\Editor/Src/Animation/StateMachine.cpp line 1847]

 -> (artifact id: '024f3619596c5503aa86632fa05211b5') in 0.097260 seconds
  Import took 0.104031 seconds .

========================================================================
Received Prepare
Registering precompiled user dll's ...
Registered in 0.007747 seconds.
Begin MonoManager ReloadAssembly
Native extension for WindowsStandalone target not found
Refreshing native plugins compatible for Editor in 0.65 ms, found 1 plugins.
Preloading 0 native plugins for Editor in 0.00 ms.
Mono: successfully reloaded assembly
- Completed reload, in  1.187 seconds
Platform modules already initialized, skipping
Refreshing native plugins compatible for Editor in 0.43 ms, found 1 plugins.
Preloading 0 native plugins for Editor in 0.00 ms.
Unloading 1853 Unused Serialized files (Serialized files now loaded: 0)
System memory in use before: 89.8 MB.
System memory in use after: 89.9 MB.

Unloading 13 unused Assets to reduce memory usage. Loaded Objects now: 2386.
Total: 3.561500 ms (FindLiveObjects: 0.504900 ms CreateObjectMapping: 0.324900 ms MarkObjects: 2.707300 ms  DeleteObjects: 0.022600 ms)

========================================================================
Received Prepare
Registering precompiled user dll's ...
Registered in 0.009692 seconds.
Begin MonoManager ReloadAssembly
Native extension for WindowsStandalone target not found
Refreshing native plugins compatible for Editor in 0.41 ms, found 1 plugins.
Preloading 0 native plugins for Editor in 0.00 ms.
Mono: successfully reloaded assembly
- Completed reload, in  1.384 seconds
Platform modules already initialized, skipping
Refreshing native plugins compatible for Editor in 0.49 ms, found 1 plugins.
Preloading 0 native plugins for Editor in 0.00 ms.
Unloading 1853 Unused Serialized files (Serialized files now loaded: 0)
System memory in use before: 89.8 MB.
System memory in use after: 90.0 MB.

Unloading 13 unused Assets to reduce memory usage. Loaded Objects now: 2390.
Total: 2.495600 ms (FindLiveObjects: 0.371800 ms CreateObjectMapping: 0.082800 ms MarkObjects: 1.995700 ms  DeleteObjects: 0.043900 ms)

========================================================================
Received Prepare
Registering precompiled user dll's ...
Registered in 0.008085 seconds.
Begin MonoManager ReloadAssembly
Native extension for WindowsStandalone target not found
Refreshing native plugins compatible for Editor in 0.42 ms, found 1 plugins.
Preloading 0 native plugins for Editor in 0.00 ms.
Mono: successfully reloaded assembly
- Completed reload, in  1.211 seconds
Platform modules already initialized, skipping
Refreshing native plugins compatible for Editor in 1.09 ms, found 1 plugins.
Preloading 0 native plugins for Editor in 0.00 ms.
Unloading 1853 Unused Serialized files (Serialized files now loaded: 0)
System memory in use before: 89.8 MB.
System memory in use after: 90.0 MB.

Unloading 13 unused Assets to reduce memory usage. Loaded Objects now: 2394.
Total: 4.489400 ms (FindLiveObjects: 0.385200 ms CreateObjectMapping: 0.150100 ms MarkObjects: 3.912500 ms  DeleteObjects: 0.038900 ms)

========================================================================
Received Prepare
Registering precompiled user dll's ...
Registered in 0.007532 seconds.
Begin MonoManager ReloadAssembly
Native extension for WindowsStandalone target not found
Refreshing native plugins compatible for Editor in 0.67 ms, found 1 plugins.
Preloading 0 native plugins for Editor in 0.00 ms.
Mono: successfully reloaded assembly
- Completed reload, in  1.438 seconds
Platform modules already initialized, skipping
Refreshing native plugins compatible for Editor in 0.40 ms, found 1 plugins.
Preloading 0 native plugins for Editor in 0.00 ms.
Unloading 1853 Unused Serialized files (Serialized files now loaded: 0)
System memory in use before: 89.9 MB.
System memory in use after: 90.0 MB.

Unloading 13 unused Assets to reduce memory usage. Loaded Objects now: 2398.
Total: 1.980800 ms (FindLiveObjects: 0.196700 ms CreateObjectMapping: 0.077000 ms MarkObjects: 1.686600 ms  DeleteObjects: 0.019300 ms)

========================================================================
Received Prepare
Registering precompiled user dll's ...
Registered in 0.009527 seconds.
Begin MonoManager ReloadAssembly
Native extension for WindowsStandalone target not found
Refreshing native plugins compatible for Editor in 0.43 ms, found 1 plugins.
Preloading 0 native plugins for Editor in 0.00 ms.
Mono: successfully reloaded assembly
- Completed reload, in  1.265 seconds
Platform modules already initialized, skipping
Refreshing native plugins compatible for Editor in 0.44 ms, found 1 plugins.
Preloading 0 native plugins for Editor in 0.00 ms.
Unloading 1853 Unused Serialized files (Serialized files now loaded: 0)
System memory in use before: 89.9 MB.
System memory in use after: 90.0 MB.

Unloading 13 unused Assets to reduce memory usage. Loaded Objects now: 2402.
Total: 2.444500 ms (FindLiveObjects: 0.179800 ms CreateObjectMapping: 0.068400 ms MarkObjects: 2.156400 ms  DeleteObjects: 0.038700 ms)

========================================================================
Received Prepare
Registering precompiled user dll's ...
Registered in 0.009146 seconds.
Begin MonoManager ReloadAssembly
Native extension for WindowsStandalone target not found
Refreshing native plugins compatible for Editor in 0.39 ms, found 1 plugins.
Preloading 0 native plugins for Editor in 0.00 ms.
Mono: successfully reloaded assembly
- Completed reload, in  1.163 seconds
Platform modules already initialized, skipping
Refreshing native plugins compatible for Editor in 1.04 ms, found 1 plugins.
Preloading 0 native plugins for Editor in 0.00 ms.
Unloading 1853 Unused Serialized files (Serialized files now loaded: 0)
System memory in use before: 89.9 MB.
System memory in use after: 90.0 MB.

Unloading 13 unused Assets to reduce memory usage. Loaded Objects now: 2406.
Total: 3.669500 ms (FindLiveObjects: 0.211100 ms CreateObjectMapping: 0.062100 ms MarkObjects: 3.362200 ms  DeleteObjects: 0.032100 ms)

========================================================================
Received Prepare
Registering precompiled user dll's ...
Registered in 0.008587 seconds.
Begin MonoManager ReloadAssembly
Native extension for WindowsStandalone target not found
Refreshing native plugins compatible for Editor in 0.72 ms, found 1 plugins.
Preloading 0 native plugins for Editor in 0.00 ms.
Mono: successfully reloaded assembly
- Completed reload, in  1.370 seconds
Platform modules already initialized, skipping
Refreshing native plugins compatible for Editor in 0.50 ms, found 1 plugins.
Preloading 0 native plugins for Editor in 0.00 ms.
Unloading 1853 Unused Serialized files (Serialized files now loaded: 0)
System memory in use before: 89.9 MB.
System memory in use after: 90.0 MB.

Unloading 13 unused Assets to reduce memory usage. Loaded Objects now: 2410.
Total: 2.327800 ms (FindLiveObjects: 0.204600 ms CreateObjectMapping: 0.066600 ms MarkObjects: 2.021600 ms  DeleteObjects: 0.034000 ms)

========================================================================
Received Import Request.
  Time since last request: 836.095452 seconds.
  path: Assets/Prefabs/Slime.prefab
  artifactKey: Guid(89d0dd59ca1eb7d44972b6b01877b11d) Importer(815301076,1909f56bfc062723c751e8b465ee728b)
Start importing Assets/Prefabs/Slime.prefab using Guid(89d0dd59ca1eb7d44972b6b01877b11d) Importer(815301076,1909f56bfc062723c751e8b465ee728b) Asset 'SlimeAnimator': Transition 'SlimeDash -> SlimeWalkAnim' in state 'SlimeDash' doesn't have an Exit Time or any condition, transition will be ignored
UnityEngine.StackTraceUtility:ExtractStackTrace ()
UnityEditor.EditorUtility:Internal_InstantiateRemoveAllNonAnimationComponentsSingle (UnityEngine.Object,UnityEngine.Vector3,UnityEngine.Quaternion)
UnityEditor.EditorUtility:InstantiateRemoveAllNonAnimationComponents (UnityEngine.Object,UnityEngine.Vector3,UnityEngine.Quaternion)
UnityEditor.EditorUtility:InstantiateForAnimatorPreview (UnityEngine.Object)
UnityEditor.GameObjectInspector/PreviewData:UpdateGameObject (UnityEngine.Object)
UnityEditor.GameObjectInspector/PreviewData:.ctor (UnityEngine.Object)
UnityEditor.GameObjectInspector:GetPreviewData ()
UnityEditor.GameObjectInspector:RenderStaticPreview (string,UnityEngine.Object[],int,int)
UnityEditor.AssetPreviewUpdater:CreatePreviewForAsset (UnityEngine.Object,UnityEngine.Object[],string)

[C:\buildslave\unity\build\Editor/Src/Animation/StateMachine.cpp line 1847]

 -> (artifact id: '8c2dc9d10013898c7db177f617432635') in 0.116752 seconds
  Import took 0.125946 seconds .

========================================================================
Received Import Request.
  Time since last request: 0.127671 seconds.
  path: Assets/Prefabs/Slime.prefab
  artifactKey: Guid(89d0dd59ca1eb7d44972b6b01877b11d) Importer(815301076,1909f56bfc062723c751e8b465ee728b)
Start importing Assets/Prefabs/Slime.prefab using Guid(89d0dd59ca1eb7d44972b6b01877b11d) Importer(815301076,1909f56bfc062723c751e8b465ee728b) Asset 'SlimeAnimator': Transition 'SlimeDash -> SlimeWalkAnim' in state 'SlimeDash' doesn't have an Exit Time or any condition, transition will be ignored
UnityEngine.StackTraceUtility:ExtractStackTrace ()
UnityEditor.EditorUtility:Internal_InstantiateRemoveAllNonAnimationComponentsSingle (UnityEngine.Object,UnityEngine.Vector3,UnityEngine.Quaternion)
UnityEditor.EditorUtility:InstantiateRemoveAllNonAnimationComponents (UnityEngine.Object,UnityEngine.Vector3,UnityEngine.Quaternion)
UnityEditor.EditorUtility:InstantiateForAnimatorPreview (UnityEngine.Object)
UnityEditor.GameObjectInspector/PreviewData:UpdateGameObject (UnityEngine.Object)
UnityEditor.GameObjectInspector/PreviewData:.ctor (UnityEngine.Object)
UnityEditor.GameObjectInspector:GetPreviewData ()
UnityEditor.GameObjectInspector:RenderStaticPreview (string,UnityEngine.Object[],int,int)
UnityEditor.AssetPreviewUpdater:CreatePreviewForAsset (UnityEngine.Object,UnityEngine.Object[],string)

[C:\buildslave\unity\build\Editor/Src/Animation/StateMachine.cpp line 1847]

 -> (artifact id: '8c2dc9d10013898c7db177f617432635') in 0.027333 seconds
  Import took 0.032360 seconds .

========================================================================
Received Prepare
Registering precompiled user dll's ...
Registered in 0.007898 seconds.
Begin MonoManager ReloadAssembly
Native extension for WindowsStandalone target not found
Refreshing native plugins compatible for Editor in 0.48 ms, found 1 plugins.
Preloading 0 native plugins for Editor in 0.00 ms.
Mono: successfully reloaded assembly
- Completed reload, in  1.263 seconds
Platform modules already initialized, skipping
Refreshing native plugins compatible for Editor in 0.58 ms, found 1 plugins.
Preloading 0 native plugins for Editor in 0.00 ms.
Unloading 1853 Unused Serialized files (Serialized files now loaded: 0)
System memory in use before: 89.9 MB.
System memory in use after: 90.0 MB.

Unloading 13 unused Assets to reduce memory usage. Loaded Objects now: 2415.
Total: 3.514900 ms (FindLiveObjects: 0.707100 ms CreateObjectMapping: 0.212100 ms MarkObjects: 2.569300 ms  DeleteObjects: 0.021400 ms)

========================================================================
Received Prepare
Registering precompiled user dll's ...
Registered in 0.006656 seconds.
Begin MonoManager ReloadAssembly
Native extension for WindowsStandalone target not found
Refreshing native plugins compatible for Editor in 0.43 ms, found 1 plugins.
Preloading 0 native plugins for Editor in 0.00 ms.
Mono: successfully reloaded assembly
- Completed reload, in  1.235 seconds
Platform modules already initialized, skipping
Refreshing native plugins compatible for Editor in 0.64 ms, found 1 plugins.
Preloading 0 native plugins for Editor in 0.00 ms.
Unloading 1853 Unused Serialized files (Serialized files now loaded: 0)
System memory in use before: 89.9 MB.
System memory in use after: 90.0 MB.

Unloading 13 unused Assets to reduce memory usage. Loaded Objects now: 2419.
Total: 4.585900 ms (FindLiveObjects: 0.490200 ms CreateObjectMapping: 0.138100 ms MarkObjects: 3.924200 ms  DeleteObjects: 0.031000 ms)

========================================================================
Received Prepare
Registering precompiled user dll's ...
Registered in 0.006588 seconds.
Begin MonoManager ReloadAssembly
Native extension for WindowsStandalone target not found
Refreshing native plugins compatible for Editor in 0.67 ms, found 1 plugins.
Preloading 0 native plugins for Editor in 0.00 ms.
Mono: successfully reloaded assembly
- Completed reload, in  1.218 seconds
Platform modules already initialized, skipping
Refreshing native plugins compatible for Editor in 0.45 ms, found 1 plugins.
Preloading 0 native plugins for Editor in 0.00 ms.
Unloading 1853 Unused Serialized files (Serialized files now loaded: 0)
System memory in use before: 89.9 MB.
System memory in use after: 90.0 MB.

Unloading 13 unused Assets to reduce memory usage. Loaded Objects now: 2423.
Total: 3.754400 ms (FindLiveObjects: 0.319600 ms CreateObjectMapping: 0.124300 ms MarkObjects: 3.271800 ms  DeleteObjects: 0.036000 ms)

========================================================================
Received Prepare
Registering precompiled user dll's ...
Registered in 0.008787 seconds.
Begin MonoManager ReloadAssembly
Native extension for WindowsStandalone target not found
Refreshing native plugins compatible for Editor in 0.81 ms, found 1 plugins.
Preloading 0 native plugins for Editor in 0.00 ms.
Mono: successfully reloaded assembly
- Completed reload, in  1.278 seconds
Platform modules already initialized, skipping
Refreshing native plugins compatible for Editor in 0.43 ms, found 1 plugins.
Preloading 0 native plugins for Editor in 0.00 ms.
Unloading 1853 Unused Serialized files (Serialized files now loaded: 0)
System memory in use before: 89.9 MB.
System memory in use after: 90.0 MB.

Unloading 13 unused Assets to reduce memory usage. Loaded Objects now: 2427.
Total: 2.968700 ms (FindLiveObjects: 0.327800 ms CreateObjectMapping: 0.109500 ms MarkObjects: 2.495400 ms  DeleteObjects: 0.035000 ms)

========================================================================
Received Prepare
Registering precompiled user dll's ...
Registered in 0.009627 seconds.
Begin MonoManager ReloadAssembly
Native extension for WindowsStandalone target not found
Refreshing native plugins compatible for Editor in 0.56 ms, found 1 plugins.
Preloading 0 native plugins for Editor in 0.00 ms.
Mono: successfully reloaded assembly
- Completed reload, in  1.376 seconds
Platform modules already initialized, skipping
Refreshing native plugins compatible for Editor in 0.71 ms, found 1 plugins.
Preloading 0 native plugins for Editor in 0.00 ms.
Unloading 1853 Unused Serialized files (Serialized files now loaded: 0)
System memory in use before: 89.9 MB.
System memory in use after: 90.0 MB.

Unloading 13 unused Assets to reduce memory usage. Loaded Objects now: 2431.
Total: 2.858100 ms (FindLiveObjects: 0.394800 ms CreateObjectMapping: 0.146500 ms MarkObjects: 2.290400 ms  DeleteObjects: 0.024900 ms)

AssetImportWorkerClient::OnTransportError - code=2 error=End of file
